<?xml version="1.0" encoding="UTF-8"?>
<!-- Generated by org.testng.reporters.JUnitXMLReporter -->
<testsuite ignored="2" hostname="DESKTOP-LKNRSCI" failures="1" tests="1" name="Test" time="0.151" errors="0" timestamp="2024-03-02T10:33:09 IST">
  <testcase classname="testCases.Tc_002_logintest" name="logintest" time="0.064">
    <failure type="java.lang.AssertionError" message="expected [true] but found [false]">
      <![CDATA[java.lang.AssertionError: expected [true] but found [false]
at testCases.Tc_002_logintest.logintest(Tc_002_logintest.java:34)
at java.base/java.util.ArrayList.forEach(ArrayList.java:1511)
... Removed 31 stack frames]]>
    </failure>
  </testcase> <!-- logintest -->
  <testcase classname="testCases.Tc_001_AccountRegistration" name="test_account_registration" time="0.0">
    <ignored/>
  </testcase> <!-- test_account_registration -->
  <testcase classname="testCases.Tc_003_loginDDT" name="test_loginddt" time="0.0">
    <ignored/>
  </testcase> <!-- test_loginddt -->
</testsuite> <!-- Test -->
